Vivado Simulator 2018.3
Time resolution is 1 ps
                   0 Output q =   0
                  20 Output q =   1
                  30 Output q =   2
                  40 Output q =   3
                  50 Output q =   4
                  60 Output q =   5
                  70 Output q =   6
                  80 Output q =   7
                  90 Output q =   8
                 100 Output q =   9
                 110 Output q =  10
                 120 Output q =  11
                 130 Output q =  12
                 140 Output q =  13
                 150 Output q =  14
                 160 Output q =  15
                 170 Output q =  16
                 180 Output q =  17
                 190 Output q =  18
                 195 Output q =   0
                 210 Output q =   1
                 220 Output q =   2
                 230 Output q =   3
                 240 Output q =   4
                 250 Output q =   5
                 260 Output q =   6
                 270 Output q =   7
                 280 Output q =   8
                 290 Output q =   9
                 300 Output q =  10
                 310 Output q =  11
                 320 Output q =  12
                 330 Output q =  13
                 340 Output q =  14
                 350 Output q =  15
                 360 Output q =  16
                 370 Output q =  17
                 380 Output q =  18
                 390 Output q =  19
                 400 Output q =  20
                 410 Output q =  21
                 420 Output q =  22
                 430 Output q =  23
                 440 Output q =  24
                 450 Output q =  25
                 460 Output q =  26
                 470 Output q =  27
                 480 Output q =  28
                 490 Output q =  29
                 500 Output q =  30
                 510 Output q =  31
                 520 Output q =  32
                 530 Output q =  33
                 540 Output q =  34
                 550 Output q =  35
                 560 Output q =  36
                 570 Output q =  37
                 580 Output q =  38
                 590 Output q =  39
                 600 Output q =  40
                 610 Output q =  41
                 620 Output q =  42
                 630 Output q =  43
                 640 Output q =  44
                 650 Output q =  45
                 660 Output q =  46
                 670 Output q =  47
                 680 Output q =  48
                 690 Output q =  49
                 700 Output q =  50
                 710 Output q =  51
                 720 Output q =  52
                 730 Output q =  53
                 740 Output q =  54
                 750 Output q =  55
                 760 Output q =  56
                 770 Output q =  57
                 780 Output q =  58
                 790 Output q =  59
                 800 Output q =  60
                 810 Output q =  61
                 820 Output q =  62
                 830 Output q =  63
                 840 Output q =  64
                 850 Output q =  65
                 860 Output q =  66
                 870 Output q =  67
                 880 Output q =  68
                 890 Output q =  69
                 900 Output q =  70
                 910 Output q =  71
                 920 Output q =  72
                 930 Output q =  73
                 940 Output q =  74
                 950 Output q =  75
                 960 Output q =  76
                 970 Output q =  77
                 980 Output q =  78
                 990 Output q =  79
                1000 Output q =  80
